nohup: 忽略输入
Registry store URI not provided. Using backend store URI.
2025/12/30 14:06:14 INFO mlflow.store.db.utils: Creating initial MLflow database tables...
2025/12/30 14:06:14 INFO mlflow.store.db.utils: Updating database tables
2025/12/30 14:06:14 INFO alembic.runtime.migration: Context impl SQLiteImpl.
2025/12/30 14:06:14 INFO alembic.runtime.migration: Will assume non-transactional DDL.
2025/12/30 14:06:14 INFO alembic.runtime.migration: Context impl SQLiteImpl.
2025/12/30 14:06:14 INFO alembic.runtime.migration: Will assume non-transactional DDL.
2025/12/30 14:06:14 INFO mlflow.store.db.utils: Creating initial MLflow database tables...
2025/12/30 14:06:14 INFO mlflow.store.db.utils: Updating database tables
2025/12/30 14:06:14 INFO alembic.runtime.migration: Context impl SQLiteImpl.
2025/12/30 14:06:14 INFO alembic.runtime.migration: Will assume non-transactional DDL.
[MLflow] Security middleware enabled with default settings (localhost-only). To allow connections from other hosts, use --host 0.0.0.0 and configure --allowed-hosts and --cors-allowed-origins.
Traceback (most recent call last):
  File "/data/zl.zhang/Code/venv/lib/python3.12/site-packages/mlflow/server/auth/__init__.py", line 157, in <module>
    from flask_wtf.csrf import CSRFProtect
ModuleNotFoundError: No module named 'flask_wtf'

The above exception was the direct cause of the following exception:

Traceback (most recent call last):
  File "/data/zl.zhang/Code/venv/bin/mlflow", line 8, in <module>
    sys.exit(cli())
             ^^^^^
  File "/data/zl.zhang/Code/venv/lib/python3.12/site-packages/click/core.py", line 1485, in __call__
    return self.main(*args, **kwargs)
           ^^^^^^^^^^^^^^^^^^^^^^^^^^
  File "/data/zl.zhang/Code/venv/lib/python3.12/site-packages/click/core.py", line 1406, in main
    rv = self.invoke(ctx)
         ^^^^^^^^^^^^^^^^
  File "/data/zl.zhang/Code/venv/lib/python3.12/site-packages/click/core.py", line 1873, in invoke
    return _process_result(sub_ctx.command.invoke(sub_ctx))
                           ^^^^^^^^^^^^^^^^^^^^^^^^^^^^^^^
  File "/data/zl.zhang/Code/venv/lib/python3.12/site-packages/click/core.py", line 1269, in invoke
    return ctx.invoke(self.callback, **ctx.params)
           ^^^^^^^^^^^^^^^^^^^^^^^^^^^^^^^^^^^^^^^
  File "/data/zl.zhang/Code/venv/lib/python3.12/site-packages/click/core.py", line 824, in invoke
    return callback(*args, **kwargs)
           ^^^^^^^^^^^^^^^^^^^^^^^^^
  File "/data/zl.zhang/Code/venv/lib/python3.12/site-packages/click/decorators.py", line 34, in new_func
    return f(get_current_context(), *args, **kwargs)
           ^^^^^^^^^^^^^^^^^^^^^^^^^^^^^^^^^^^^^^^^^
  File "/data/zl.zhang/Code/venv/lib/python3.12/site-packages/mlflow/cli/__init__.py", line 626, in server
    _run_server(
  File "/data/zl.zhang/Code/venv/lib/python3.12/site-packages/mlflow/server/__init__.py", line 382, in _run_server
    is_factory = _is_factory(app)
                 ^^^^^^^^^^^^^^^^
  File "/data/zl.zhang/Code/venv/lib/python3.12/site-packages/mlflow/server/__init__.py", line 225, in _is_factory
    mod = importlib.import_module(module)
          ^^^^^^^^^^^^^^^^^^^^^^^^^^^^^^^
  File "/usr/lib/python3.12/importlib/__init__.py", line 90, in import_module
    return _bootstrap._gcd_import(name[level:], package, level)
           ^^^^^^^^^^^^^^^^^^^^^^^^^^^^^^^^^^^^^^^^^^^^^^^^^^^^
  File "<frozen importlib._bootstrap>", line 1387, in _gcd_import
  File "<frozen importlib._bootstrap>", line 1360, in _find_and_load
  File "<frozen importlib._bootstrap>", line 1331, in _find_and_load_unlocked
  File "<frozen importlib._bootstrap>", line 935, in _load_unlocked
  File "<frozen importlib._bootstrap_external>", line 995, in exec_module
  File "<frozen importlib._bootstrap>", line 488, in _call_with_frames_removed
  File "/data/zl.zhang/Code/venv/lib/python3.12/site-packages/mlflow/server/auth/__init__.py", line 159, in <module>
    raise ImportError(
ImportError: The MLflow basic auth app requires the Flask-WTF package to perform CSRF validation. Please run `pip install mlflow[auth]` to install it.
